<?xml version="1.0" encoding="UTF-8"?>
<testng-results skipped="0" failed="1" ignored="0" total="1" passed="0">
  <reporter-output>
  </reporter-output>
  <suite name="Default suite" duration-ms="127577" started-at="2021-02-21T17:06:19Z" finished-at="2021-02-21T17:08:27Z">
    <groups>
    </groups>
    <test name="Default test" duration-ms="127577" started-at="2021-02-21T17:06:19Z" finished-at="2021-02-21T17:08:27Z">
      <class name="com.hailo.qa.testcases.AdminTest">
        <test-method status="PASS" signature="setUp(java.lang.reflect.Method)[pri:0, instance:com.hailo.qa.testcases.AdminTest@49fc609f]" name="setUp" is-config="true" duration-ms="54173" started-at="2021-02-21T17:06:19Z" finished-at="2021-02-21T17:07:13Z">
          <params>
            <param index="0">
              <value>
                <![CDATA[public void com.hailo.qa.testcases.AdminTest.verifyResendEmailFunctionalityForCustomerStoresAndUsers() throws java.lang.InterruptedException]]>
              </value>
            </param>
          </params>
          <reporter-output>
          </reporter-output>
        </test-method> <!-- setUp -->
        <test-method status="FAIL" signature="verifyResendEmailFunctionalityForCustomerStoresAndUsers()[pri:2, instance:com.hailo.qa.testcases.AdminTest@49fc609f]" name="verifyResendEmailFunctionalityForCustomerStoresAndUsers" duration-ms="72385" started-at="2021-02-21T17:07:13Z" finished-at="2021-02-21T17:08:26Z">
          <exception class="java.lang.AssertionError">
            <message>
              <![CDATA[expected [true] but found [false]]]>
            </message>
            <full-stacktrace>
              <![CDATA[java.lang.AssertionError: expected [true] but found [false]
at org.testng.Assert.fail(Assert.java:96)
at org.testng.Assert.failNotEquals(Assert.java:776)
at org.testng.Assert.assertTrue(Assert.java:44)
at org.testng.Assert.assertTrue(Assert.java:54)
at com.hailo.qa.pages.CustomersPage.checkResendEmailFeatureForStoreAdmin(CustomersPage.java:637)
at com.hailo.qa.testcases.AdminTest.verifyResendEmailFunctionalityForCustomerStoresAndUsers(AdminTest.java:97)
at sun.reflect.NativeMethodAccessorImpl.invoke0(Native Method)
at sun.reflect.NativeMethodAccessorImpl.invoke(NativeMethodAccessorImpl.java:62)
at sun.reflect.DelegatingMethodAccessorImpl.invoke(DelegatingMethodAccessorImpl.java:43)
at java.lang.reflect.Method.invoke(Method.java:498)
at org.testng.internal.MethodInvocationHelper.invokeMethod(MethodInvocationHelper.java:124)
at org.testng.internal.Invoker.invokeMethod(Invoker.java:583)
at org.testng.internal.Invoker.invokeTestMethod(Invoker.java:719)
at org.testng.internal.Invoker.invokeTestMethods(Invoker.java:989)
at org.testng.internal.TestMethodWorker.invokeTestMethods(TestMethodWorker.java:125)
at org.testng.internal.TestMethodWorker.run(TestMethodWorker.java:109)
at org.testng.TestRunner.privateRun(TestRunner.java:648)
at org.testng.TestRunner.run(TestRunner.java:505)
at org.testng.SuiteRunner.runTest(SuiteRunner.java:455)
at org.testng.SuiteRunner.runSequentially(SuiteRunner.java:450)
at org.testng.SuiteRunner.privateRun(SuiteRunner.java:415)
at org.testng.SuiteRunner.run(SuiteRunner.java:364)
at org.testng.SuiteRunnerWorker.runSuite(SuiteRunnerWorker.java:52)
at org.testng.SuiteRunnerWorker.run(SuiteRunnerWorker.java:84)
at org.testng.TestNG.runSuitesSequentially(TestNG.java:1208)
at org.testng.TestNG.runSuitesLocally(TestNG.java:1137)
at org.testng.TestNG.runSuites(TestNG.java:1049)
at org.testng.TestNG.run(TestNG.java:1017)
at org.testng.remote.AbstractRemoteTestNG.run(AbstractRemoteTestNG.java:115)
at org.testng.remote.RemoteTestNG.initAndRun(RemoteTestNG.java:251)
at org.testng.remote.RemoteTestNG.main(RemoteTestNG.java:77)
]]>
            </full-stacktrace>
          </exception> <!-- java.lang.AssertionError -->
          <reporter-output>
          </reporter-output>
        </test-method> <!-- verifyResendEmailFunctionalityForCustomerStoresAndUsers -->
        <test-method status="PASS" signature="tearDown()[pri:0, instance:com.hailo.qa.testcases.AdminTest@49fc609f]" name="tearDown" is-config="true" duration-ms="645" started-at="2021-02-21T17:08:26Z" finished-at="2021-02-21T17:08:27Z">
          <reporter-output>
          </reporter-output>
        </test-method> <!-- tearDown -->
      </class> <!-- com.hailo.qa.testcases.AdminTest -->
    </test> <!-- Default test -->
  </suite> <!-- Default suite -->
</testng-results>
